<?xml version="1.0" encoding="UTF-8"?>
<!-- Generated by org.testng.reporters.JUnitReportReporter -->
<testsuite hostname="DESKTOP-NB17RKO" failures="0" tests="1" name="AssertClass.SoftAssert1" time="35.589" errors="0" timestamp="2025-01-09T19:55:50 IST" skipped="0">
  <testcase classname="AssertClass.SoftAssert1" name="soft" time="35.589"/>
  <system-out/>
</testsuite> <!-- AssertClass.SoftAssert1 -->
