<?xml version="1.0" encoding="UTF-8"?>
<!-- Generated by org.testng.reporters.JUnitReportReporter -->
<testsuite hostname="DESKTOP-NB17RKO" failures="0" tests="2" name="TestNgframework.ClassB" time="0.022" errors="0" timestamp="2025-01-08T19:47:47 IST" skipped="0">
  <testcase classname="TestNgframework.ClassB" name="TC1" time="0.019"/>
  <system-out/>
  <testcase classname="TestNgframework.ClassB" name="TC3" time="0.003"/>
  <system-out/>
</testsuite> <!-- TestNgframework.ClassB -->
