<?xml version="1.0" encoding="UTF-8"?>
<!-- Generated by org.testng.reporters.JUnitReportReporter -->
<testsuite hostname="DESKTOP-NB17RKO" failures="0" tests="1" name="ParallelExecution.test2" time="11.180" errors="0" timestamp="2025-01-09T19:26:26 IST" skipped="0">
  <testcase classname="ParallelExecution.test2" name="test" time="11.180"/>
  <system-out/>
</testsuite> <!-- ParallelExecution.test2 -->
