<?xml version="1.0" encoding="UTF-8"?>
<!-- Generated by org.testng.reporters.JUnitReportReporter -->
<testsuite hostname="DESKTOP-NB17RKO" failures="0" tests="1" name="ParallelExecution.test2" time="5.701" errors="0" timestamp="2025-01-08T20:11:36 IST" skipped="0">
  <testcase classname="ParallelExecution.test2" name="test" time="5.701"/>
  <system-out/>
</testsuite> <!-- ParallelExecution.test2 -->
