<?xml version="1.0" encoding="UTF-8"?>
<!-- Generated by org.testng.reporters.JUnitReportReporter -->
<testsuite hostname="DESKTOP-NB17RKO" failures="0" tests="1" name="TestNgframework.Annotation" time="0.015" errors="0" timestamp="2025-01-08T19:29:14 IST" skipped="0">
  <testcase classname="TestNgframework.Annotation" name="validateLoginPage" time="0.015"/>
  <system-out/>
</testsuite> <!-- TestNgframework.Annotation -->
