<?xml version="1.0" encoding="UTF-8"?>
<!-- Generated by org.testng.reporters.JUnitReportReporter -->
<testsuite hostname="DESKTOP-NB17RKO" failures="0" tests="1" name="SeleniumBasic.childwindow2" time="23.116" errors="0" timestamp="2025-01-07T20:28:00 IST" skipped="0">
  <testcase classname="SeleniumBasic.childwindow2" name="test" time="23.116"/>
  <system-out/>
</testsuite> <!-- SeleniumBasic.childwindow2 -->
