<?xml version="1.0" encoding="UTF-8"?>
<!-- Generated by org.testng.reporters.JUnitReportReporter -->
<testsuite hostname="DESKTOP-NB17RKO" failures="0" tests="2" name="TestNgframework.Report" time="0.078" errors="0" timestamp="2025-01-08T19:29:14 IST" skipped="0">
  <testcase classname="TestNgframework.Report" name="generateReport" time="0.064"/>
  <system-out>
    <![CDATA[validateloginPage]]>
  </system-out>
  <testcase classname="TestNgframework.Report" name="generateReport1" time="0.014"/>
  <system-out>
    <![CDATA[validateHomePage]]>
  </system-out>
</testsuite> <!-- TestNgframework.Report -->
