<?xml version="1.0" encoding="UTF-8"?>
<!-- Generated by org.testng.reporters.JUnitReportReporter -->
<testsuite hostname="DESKTOP-NB17RKO" failures="0" tests="1" name="Nokri.expiredCertipicate" time="9.658" errors="0" timestamp="2025-01-09T16:06:49 IST" skipped="0">
  <testcase classname="Nokri.expiredCertipicate" name="test" time="9.658"/>
  <system-out/>
</testsuite> <!-- Nokri.expiredCertipicate -->
