<?xml version="1.0" encoding="UTF-8"?>
<!-- Generated by org.testng.reporters.JUnitReportReporter -->
<testsuite hostname="DESKTOP-NB17RKO" failures="0" tests="1" name="testPage.LoginTestPage" time="12.091" errors="0" timestamp="2025-01-14T20:12:22 IST" skipped="0">
  <testcase classname="testPage.LoginTestPage" name="validateLoginPage" time="12.091"/>
  <system-out>
    <![CDATA[login page validated successfully..]]>
  </system-out>
</testsuite> <!-- testPage.LoginTestPage -->
