<?xml version="1.0" encoding="UTF-8"?>
<!-- Generated by org.testng.reporters.JUnitReportReporter -->
<testsuite hostname="DESKTOP-NB17RKO" failures="0" tests="10" name="Nokri.login" time="498.465" errors="0" timestamp="2025-01-08T14:29:09 IST" skipped="0">
  <testcase classname="Nokri.login" name="test" time="48.856"/>
  <system-out/>
  <testcase classname="Nokri.login" name="test" time="50.485"/>
  <system-out/>
  <testcase classname="Nokri.login" name="test" time="48.797"/>
  <system-out/>
  <testcase classname="Nokri.login" name="test" time="49.821"/>
  <system-out/>
  <testcase classname="Nokri.login" name="test" time="48.641"/>
  <system-out/>
  <testcase classname="Nokri.login" name="test" time="54.365"/>
  <system-out/>
  <testcase classname="Nokri.login" name="test" time="49.710"/>
  <system-out/>
  <testcase classname="Nokri.login" name="test" time="48.746"/>
  <system-out/>
  <testcase classname="Nokri.login" name="test" time="50.029"/>
  <system-out/>
  <testcase classname="Nokri.login" name="test" time="49.015"/>
  <system-out/>
</testsuite> <!-- Nokri.login -->
