<?xml version="1.0" encoding="UTF-8"?>
<!-- Generated by org.testng.reporters.JUnitReportReporter -->
<testsuite hostname="DESKTOP-NB17RKO" failures="0" tests="1" name="ParallelExecution.test1" time="5.458" errors="0" timestamp="2025-01-08T20:11:36 IST" skipped="0">
  <testcase classname="ParallelExecution.test1" name="test" time="5.458"/>
  <system-out/>
</testsuite> <!-- ParallelExecution.test1 -->
