<?xml version="1.0" encoding="UTF-8"?>
<!-- Generated by org.testng.reporters.JUnitReportReporter -->
<testsuite hostname="DESKTOP-NB17RKO" failures="0" tests="3" name="CrossBrowserTesting.crossBrowser" time="52.152" errors="0" timestamp="2025-01-11T19:42:19 IST" skipped="0">
  <testcase classname="CrossBrowserTesting.crossBrowser" name="test" time="15.954"/>
  <system-out/>
  <testcase classname="CrossBrowserTesting.crossBrowser" name="test" time="23.852"/>
  <system-out/>
  <testcase classname="CrossBrowserTesting.crossBrowser" name="test" time="12.346"/>
  <system-out/>
</testsuite> <!-- CrossBrowserTesting.crossBrowser -->
